[2018-01-22 16:42:52.021] [ERROR] pomelo-rpc - [31m[mqtt-acceptor] [39mprocess rpc message error ReferenceError: self is not defined
    at userDao.get_user_data (C:\Users\Administrator\Desktop\server\game-server\app\servers\dao\remote\UserDao.js:22:20)
    at Dispatcher.pro.route (C:\Users\Administrator\Desktop\server\game-server\node_modules\pomelo\node_modules\pomelo-rpc\lib\rpc-server\dispatcher.js:52:10)
    at Acceptor.cb (C:\Users\Administrator\Desktop\server\game-server\node_modules\pomelo\node_modules\pomelo-rpc\lib\rpc-server\gateway.js:22:16)
    at processMsg (C:\Users\Administrator\Desktop\server\game-server\node_modules\pomelo\node_modules\pomelo-rpc\lib\rpc-server\acceptors\mqtt-acceptor.js:138:12)
    at Connection.<anonymous> (C:\Users\Administrator\Desktop\server\game-server\node_modules\pomelo\node_modules\pomelo-rpc\lib\rpc-server\acceptors\mqtt-acceptor.js:62:11)
    at emitOne (events.js:116:13)
    at Connection.emit (events.js:211:7)
    at Connection.emitPacket (C:\Users\Administrator\Desktop\server\game-server\node_modules\pomelo\node_modules\pomelo-rpc\node_modules\mqtt-connection\connection.js:14:8)
    at emitOne (events.js:116:13)
    at Connection.emit (events.js:211:7)
[2018-01-22 16:42:52.073] [ERROR] pomelo-rpc - [31m[mqtt-acceptor] [39mprocess rpc message error ReferenceError: self is not defined
    at roomDao.get_room_id_of_user (C:\Users\Administrator\Desktop\server\game-server\app\servers\dao\remote\roomDao.js:18:20)
    at Dispatcher.pro.route (C:\Users\Administrator\Desktop\server\game-server\node_modules\pomelo\node_modules\pomelo-rpc\lib\rpc-server\dispatcher.js:52:10)
    at Acceptor.cb (C:\Users\Administrator\Desktop\server\game-server\node_modules\pomelo\node_modules\pomelo-rpc\lib\rpc-server\gateway.js:22:16)
    at processMsg (C:\Users\Administrator\Desktop\server\game-server\node_modules\pomelo\node_modules\pomelo-rpc\lib\rpc-server\acceptors\mqtt-acceptor.js:138:12)
    at Connection.<anonymous> (C:\Users\Administrator\Desktop\server\game-server\node_modules\pomelo\node_modules\pomelo-rpc\lib\rpc-server\acceptors\mqtt-acceptor.js:62:11)
    at emitOne (events.js:116:13)
    at Connection.emit (events.js:211:7)
    at Connection.emitPacket (C:\Users\Administrator\Desktop\server\game-server\node_modules\pomelo\node_modules\pomelo-rpc\node_modules\mqtt-connection\connection.js:14:8)
    at emitOne (events.js:116:13)
    at Connection.emit (events.js:211:7)
[2018-01-22 16:42:52.077] [ERROR] pomelo-rpc - [31m[mqtt-acceptor] [39mprocess rpc message error ReferenceError: self is not defined
    at roomDao.is_room_exist (C:\Users\Administrator\Desktop\server\game-server\app\servers\dao\remote\roomDao.js:40:20)
    at Dispatcher.pro.route (C:\Users\Administrator\Desktop\server\game-server\node_modules\pomelo\node_modules\pomelo-rpc\lib\rpc-server\dispatcher.js:52:10)
    at Acceptor.cb (C:\Users\Administrator\Desktop\server\game-server\node_modules\pomelo\node_modules\pomelo-rpc\lib\rpc-server\gateway.js:22:16)
    at processMsg (C:\Users\Administrator\Desktop\server\game-server\node_modules\pomelo\node_modules\pomelo-rpc\lib\rpc-server\acceptors\mqtt-acceptor.js:138:12)
    at Connection.<anonymous> (C:\Users\Administrator\Desktop\server\game-server\node_modules\pomelo\node_modules\pomelo-rpc\lib\rpc-server\acceptors\mqtt-acceptor.js:62:11)
    at emitOne (events.js:116:13)
    at Connection.emit (events.js:211:7)
    at Connection.emitPacket (C:\Users\Administrator\Desktop\server\game-server\node_modules\pomelo\node_modules\pomelo-rpc\node_modules\mqtt-connection\connection.js:14:8)
    at emitOne (events.js:116:13)
    at Connection.emit (events.js:211:7)
[2018-01-22 16:46:44.984] [ERROR] pomelo-rpc - [31m[mqtt-acceptor] [39mprocess rpc message error ReferenceError: self is not defined
    at userDao.get_user_data (C:\Users\Administrator\Desktop\server\game-server\app\servers\dao\remote\UserDao.js:22:20)
    at Dispatcher.pro.route (C:\Users\Administrator\Desktop\server\game-server\node_modules\pomelo\node_modules\pomelo-rpc\lib\rpc-server\dispatcher.js:52:10)
    at Acceptor.cb (C:\Users\Administrator\Desktop\server\game-server\node_modules\pomelo\node_modules\pomelo-rpc\lib\rpc-server\gateway.js:22:16)
    at processMsg (C:\Users\Administrator\Desktop\server\game-server\node_modules\pomelo\node_modules\pomelo-rpc\lib\rpc-server\acceptors\mqtt-acceptor.js:138:12)
    at Connection.<anonymous> (C:\Users\Administrator\Desktop\server\game-server\node_modules\pomelo\node_modules\pomelo-rpc\lib\rpc-server\acceptors\mqtt-acceptor.js:62:11)
    at emitOne (events.js:116:13)
    at Connection.emit (events.js:211:7)
    at Connection.emitPacket (C:\Users\Administrator\Desktop\server\game-server\node_modules\pomelo\node_modules\pomelo-rpc\node_modules\mqtt-connection\connection.js:14:8)
    at emitOne (events.js:116:13)
    at Connection.emit (events.js:211:7)
[2018-01-23 14:00:10.014] [ERROR] pomelo-rpc - [31m[mqtt-acceptor] [39mprocess rpc message error ReferenceError: self is not defined
    at UserDao.is_user_exist (C:\Users\Administrator\Desktop\server\game-server\app\servers\dao\remote\UserDao.js:51:20)
    at Dispatcher.pro.route (C:\Users\Administrator\Desktop\server\game-server\node_modules\pomelo\node_modules\pomelo-rpc\lib\rpc-server\dispatcher.js:52:10)
    at Acceptor.cb (C:\Users\Administrator\Desktop\server\game-server\node_modules\pomelo\node_modules\pomelo-rpc\lib\rpc-server\gateway.js:22:16)
    at processMsg (C:\Users\Administrator\Desktop\server\game-server\node_modules\pomelo\node_modules\pomelo-rpc\lib\rpc-server\acceptors\mqtt-acceptor.js:138:12)
    at Connection.<anonymous> (C:\Users\Administrator\Desktop\server\game-server\node_modules\pomelo\node_modules\pomelo-rpc\lib\rpc-server\acceptors\mqtt-acceptor.js:62:11)
    at emitOne (events.js:116:13)
    at Connection.emit (events.js:211:7)
    at Connection.emitPacket (C:\Users\Administrator\Desktop\server\game-server\node_modules\pomelo\node_modules\pomelo-rpc\node_modules\mqtt-connection\connection.js:14:8)
    at emitOne (events.js:116:13)
    at Connection.emit (events.js:211:7)
[2018-01-23 14:02:12.624] [ERROR] pomelo-rpc - [31m[mqtt-acceptor] [39mprocess rpc message error ReferenceError: self is not defined
    at UserDao.create_user (C:\Users\Administrator\Desktop\server\game-server\app\servers\dao\remote\UserDao.js:84:20)
    at Dispatcher.pro.route (C:\Users\Administrator\Desktop\server\game-server\node_modules\pomelo\node_modules\pomelo-rpc\lib\rpc-server\dispatcher.js:52:10)
    at Acceptor.cb (C:\Users\Administrator\Desktop\server\game-server\node_modules\pomelo\node_modules\pomelo-rpc\lib\rpc-server\gateway.js:22:16)
    at processMsg (C:\Users\Administrator\Desktop\server\game-server\node_modules\pomelo\node_modules\pomelo-rpc\lib\rpc-server\acceptors\mqtt-acceptor.js:138:12)
    at Connection.<anonymous> (C:\Users\Administrator\Desktop\server\game-server\node_modules\pomelo\node_modules\pomelo-rpc\lib\rpc-server\acceptors\mqtt-acceptor.js:62:11)
    at emitOne (events.js:116:13)
    at Connection.emit (events.js:211:7)
    at Connection.emitPacket (C:\Users\Administrator\Desktop\server\game-server\node_modules\pomelo\node_modules\pomelo-rpc\node_modules\mqtt-connection\connection.js:14:8)
    at emitOne (events.js:116:13)
    at Connection.emit (events.js:211:7)
[2018-01-23 14:02:14.131] [ERROR] pomelo-rpc - [31m[mqtt-acceptor] [39mprocess rpc message error ReferenceError: self is not defined
    at UserDao.create_user (C:\Users\Administrator\Desktop\server\game-server\app\servers\dao\remote\UserDao.js:84:20)
    at Dispatcher.pro.route (C:\Users\Administrator\Desktop\server\game-server\node_modules\pomelo\node_modules\pomelo-rpc\lib\rpc-server\dispatcher.js:52:10)
    at Acceptor.cb (C:\Users\Administrator\Desktop\server\game-server\node_modules\pomelo\node_modules\pomelo-rpc\lib\rpc-server\gateway.js:22:16)
    at processMsg (C:\Users\Administrator\Desktop\server\game-server\node_modules\pomelo\node_modules\pomelo-rpc\lib\rpc-server\acceptors\mqtt-acceptor.js:138:12)
    at Connection.<anonymous> (C:\Users\Administrator\Desktop\server\game-server\node_modules\pomelo\node_modules\pomelo-rpc\lib\rpc-server\acceptors\mqtt-acceptor.js:62:11)
    at emitOne (events.js:116:13)
    at Connection.emit (events.js:211:7)
    at Connection.emitPacket (C:\Users\Administrator\Desktop\server\game-server\node_modules\pomelo\node_modules\pomelo-rpc\node_modules\mqtt-connection\connection.js:14:8)
    at emitOne (events.js:116:13)
    at Connection.emit (events.js:211:7)
[2018-01-24 09:21:20.401] [ERROR] pomelo-rpc - [31m[mqtt-acceptor] [39mprocess rpc message error ReferenceError: self is not defined
    at UserDao.get_gems (C:\Users\Administrator\Desktop\server\game-server\app\servers\dao\remote\UserDao.js:103:20)
    at Dispatcher.pro.route (C:\Users\Administrator\Desktop\server\game-server\node_modules\pomelo\node_modules\pomelo-rpc\lib\rpc-server\dispatcher.js:52:10)
    at Acceptor.cb (C:\Users\Administrator\Desktop\server\game-server\node_modules\pomelo\node_modules\pomelo-rpc\lib\rpc-server\gateway.js:22:16)
    at processMsg (C:\Users\Administrator\Desktop\server\game-server\node_modules\pomelo\node_modules\pomelo-rpc\lib\rpc-server\acceptors\mqtt-acceptor.js:138:12)
    at Connection.<anonymous> (C:\Users\Administrator\Desktop\server\game-server\node_modules\pomelo\node_modules\pomelo-rpc\lib\rpc-server\acceptors\mqtt-acceptor.js:62:11)
    at emitOne (events.js:116:13)
    at Connection.emit (events.js:211:7)
    at Connection.emitPacket (C:\Users\Administrator\Desktop\server\game-server\node_modules\pomelo\node_modules\pomelo-rpc\node_modules\mqtt-connection\connection.js:14:8)
    at emitOne (events.js:116:13)
    at Connection.emit (events.js:211:7)
[2018-01-24 09:50:54.846] [ERROR] pomelo-rpc - [31m[mqtt-acceptor] [39mprocess rpc message error ReferenceError: self is not defined
    at RoomDao.create_room (C:\Users\Administrator\Desktop\server\game-server\app\servers\dao\remote\RoomDao.js:72:20)
    at Dispatcher.pro.route (C:\Users\Administrator\Desktop\server\game-server\node_modules\pomelo\node_modules\pomelo-rpc\lib\rpc-server\dispatcher.js:52:10)
    at Acceptor.cb (C:\Users\Administrator\Desktop\server\game-server\node_modules\pomelo\node_modules\pomelo-rpc\lib\rpc-server\gateway.js:22:16)
    at processMsg (C:\Users\Administrator\Desktop\server\game-server\node_modules\pomelo\node_modules\pomelo-rpc\lib\rpc-server\acceptors\mqtt-acceptor.js:138:12)
    at Connection.<anonymous> (C:\Users\Administrator\Desktop\server\game-server\node_modules\pomelo\node_modules\pomelo-rpc\lib\rpc-server\acceptors\mqtt-acceptor.js:62:11)
    at emitOne (events.js:116:13)
    at Connection.emit (events.js:211:7)
    at Connection.emitPacket (C:\Users\Administrator\Desktop\server\game-server\node_modules\pomelo\node_modules\pomelo-rpc\node_modules\mqtt-connection\connection.js:14:8)
    at emitOne (events.js:116:13)
    at Connection.emit (events.js:211:7)
[2018-01-24 14:29:31.620] [ERROR] pomelo-rpc - [31m[mqtt-acceptor] [39mprocess rpc message error ReferenceError: crypto is not defined
    at RoomDao.update_seat_info (C:\Users\Administrator\Desktop\server\game-server\app\servers\dao\remote\RoomDao.js:95:5)
    at Dispatcher.pro.route (C:\Users\Administrator\Desktop\server\game-server\node_modules\pomelo\node_modules\pomelo-rpc\lib\rpc-server\dispatcher.js:52:10)
    at Acceptor.cb (C:\Users\Administrator\Desktop\server\game-server\node_modules\pomelo\node_modules\pomelo-rpc\lib\rpc-server\gateway.js:22:16)
    at processMsg (C:\Users\Administrator\Desktop\server\game-server\node_modules\pomelo\node_modules\pomelo-rpc\lib\rpc-server\acceptors\mqtt-acceptor.js:138:12)
    at Connection.<anonymous> (C:\Users\Administrator\Desktop\server\game-server\node_modules\pomelo\node_modules\pomelo-rpc\lib\rpc-server\acceptors\mqtt-acceptor.js:62:11)
    at emitOne (events.js:116:13)
    at Connection.emit (events.js:211:7)
    at Connection.emitPacket (C:\Users\Administrator\Desktop\server\game-server\node_modules\pomelo\node_modules\pomelo-rpc\node_modules\mqtt-connection\connection.js:14:8)
    at emitOne (events.js:116:13)
    at Connection.emit (events.js:211:7)
[2018-01-24 14:29:31.622] [ERROR] pomelo-rpc - [31m[mqtt-acceptor] [39mprocess rpc message error ReferenceError: crypto is not defined
    at RoomDao.update_seat_info (C:\Users\Administrator\Desktop\server\game-server\app\servers\dao\remote\RoomDao.js:95:5)
    at Dispatcher.pro.route (C:\Users\Administrator\Desktop\server\game-server\node_modules\pomelo\node_modules\pomelo-rpc\lib\rpc-server\dispatcher.js:52:10)
    at Acceptor.cb (C:\Users\Administrator\Desktop\server\game-server\node_modules\pomelo\node_modules\pomelo-rpc\lib\rpc-server\gateway.js:22:16)
    at processMsg (C:\Users\Administrator\Desktop\server\game-server\node_modules\pomelo\node_modules\pomelo-rpc\lib\rpc-server\acceptors\mqtt-acceptor.js:138:12)
    at Connection.<anonymous> (C:\Users\Administrator\Desktop\server\game-server\node_modules\pomelo\node_modules\pomelo-rpc\lib\rpc-server\acceptors\mqtt-acceptor.js:62:11)
    at emitOne (events.js:116:13)
    at Connection.emit (events.js:211:7)
    at Connection.emitPacket (C:\Users\Administrator\Desktop\server\game-server\node_modules\pomelo\node_modules\pomelo-rpc\node_modules\mqtt-connection\connection.js:14:8)
    at emitOne (events.js:116:13)
    at Connection.emit (events.js:211:7)
[2018-01-24 14:29:31.622] [ERROR] pomelo-rpc - [31m[mqtt-acceptor] [39mprocess rpc message error ReferenceError: crypto is not defined
    at RoomDao.update_seat_info (C:\Users\Administrator\Desktop\server\game-server\app\servers\dao\remote\RoomDao.js:95:5)
    at Dispatcher.pro.route (C:\Users\Administrator\Desktop\server\game-server\node_modules\pomelo\node_modules\pomelo-rpc\lib\rpc-server\dispatcher.js:52:10)
    at Acceptor.cb (C:\Users\Administrator\Desktop\server\game-server\node_modules\pomelo\node_modules\pomelo-rpc\lib\rpc-server\gateway.js:22:16)
    at processMsg (C:\Users\Administrator\Desktop\server\game-server\node_modules\pomelo\node_modules\pomelo-rpc\lib\rpc-server\acceptors\mqtt-acceptor.js:138:12)
    at Connection.<anonymous> (C:\Users\Administrator\Desktop\server\game-server\node_modules\pomelo\node_modules\pomelo-rpc\lib\rpc-server\acceptors\mqtt-acceptor.js:62:11)
    at emitOne (events.js:116:13)
    at Connection.emit (events.js:211:7)
    at Connection.emitPacket (C:\Users\Administrator\Desktop\server\game-server\node_modules\pomelo\node_modules\pomelo-rpc\node_modules\mqtt-connection\connection.js:14:8)
    at emitOne (events.js:116:13)
    at Connection.emit (events.js:211:7)
[2018-01-24 14:29:31.623] [ERROR] pomelo-rpc - [31m[mqtt-acceptor] [39mprocess rpc message error ReferenceError: crypto is not defined
    at RoomDao.update_seat_info (C:\Users\Administrator\Desktop\server\game-server\app\servers\dao\remote\RoomDao.js:95:5)
    at Dispatcher.pro.route (C:\Users\Administrator\Desktop\server\game-server\node_modules\pomelo\node_modules\pomelo-rpc\lib\rpc-server\dispatcher.js:52:10)
    at Acceptor.cb (C:\Users\Administrator\Desktop\server\game-server\node_modules\pomelo\node_modules\pomelo-rpc\lib\rpc-server\gateway.js:22:16)
    at processMsg (C:\Users\Administrator\Desktop\server\game-server\node_modules\pomelo\node_modules\pomelo-rpc\lib\rpc-server\acceptors\mqtt-acceptor.js:138:12)
    at Connection.<anonymous> (C:\Users\Administrator\Desktop\server\game-server\node_modules\pomelo\node_modules\pomelo-rpc\lib\rpc-server\acceptors\mqtt-acceptor.js:62:11)
    at emitOne (events.js:116:13)
    at Connection.emit (events.js:211:7)
    at Connection.emitPacket (C:\Users\Administrator\Desktop\server\game-server\node_modules\pomelo\node_modules\pomelo-rpc\node_modules\mqtt-connection\connection.js:14:8)
    at emitOne (events.js:116:13)
    at Connection.emit (events.js:211:7)
[2018-01-25 11:24:41.032] [ERROR] pomelo-rpc - [31m[mqtt-acceptor] [39mprocess rpc message error TypeError: First argument must be a string, Buffer, ArrayBuffer, Array, or array-like object.
    at Function.Buffer.from (buffer.js:183:11)
    at new Buffer (buffer.js:158:17)
    at Object.exports.toBase64 (C:\Users\Administrator\Desktop\server\game-server\app\utils\crypto.js:10:9)
    at RoomDao.update_seat_info (C:\Users\Administrator\Desktop\server\game-server\app\servers\dao\remote\RoomDao.js:103:19)
    at Dispatcher.pro.route (C:\Users\Administrator\Desktop\server\game-server\node_modules\pomelo\node_modules\pomelo-rpc\lib\rpc-server\dispatcher.js:52:10)
    at Acceptor.cb (C:\Users\Administrator\Desktop\server\game-server\node_modules\pomelo\node_modules\pomelo-rpc\lib\rpc-server\gateway.js:22:16)
    at processMsg (C:\Users\Administrator\Desktop\server\game-server\node_modules\pomelo\node_modules\pomelo-rpc\lib\rpc-server\acceptors\mqtt-acceptor.js:138:12)
    at Connection.<anonymous> (C:\Users\Administrator\Desktop\server\game-server\node_modules\pomelo\node_modules\pomelo-rpc\lib\rpc-server\acceptors\mqtt-acceptor.js:62:11)
    at emitOne (events.js:116:13)
    at Connection.emit (events.js:211:7)
[2018-01-25 16:40:24.162] [ERROR] pomelo-rpc - [31m[mqtt-acceptor] [39mprocess rpc message error ReferenceError: self is not defined
    at RoomDao.get_room_data (C:\Users\Administrator\Desktop\server\game-server\app\servers\dao\remote\RoomDao.js:128:20)
    at Dispatcher.pro.route (C:\Users\Administrator\Desktop\server\game-server\node_modules\pomelo\node_modules\pomelo-rpc\lib\rpc-server\dispatcher.js:52:10)
    at Acceptor.cb (C:\Users\Administrator\Desktop\server\game-server\node_modules\pomelo\node_modules\pomelo-rpc\lib\rpc-server\gateway.js:22:16)
    at processMsg (C:\Users\Administrator\Desktop\server\game-server\node_modules\pomelo\node_modules\pomelo-rpc\lib\rpc-server\acceptors\mqtt-acceptor.js:138:12)
    at Connection.<anonymous> (C:\Users\Administrator\Desktop\server\game-server\node_modules\pomelo\node_modules\pomelo-rpc\lib\rpc-server\acceptors\mqtt-acceptor.js:62:11)
    at emitOne (events.js:116:13)
    at Connection.emit (events.js:211:7)
    at Connection.emitPacket (C:\Users\Administrator\Desktop\server\game-server\node_modules\pomelo\node_modules\pomelo-rpc\node_modules\mqtt-connection\connection.js:14:8)
    at emitOne (events.js:116:13)
    at Connection.emit (events.js:211:7)
[2018-01-29 16:00:24.458] [ERROR] pomelo-rpc - [31m[mqtt-acceptor] [39mprocess rpc message error ReferenceError: self is not defined
    at RoomDao.get_room_data (C:\Users\Administrator\Desktop\server\game-server\app\servers\dao\remote\RoomDao.js:128:20)
    at Dispatcher.pro.route (C:\Users\Administrator\Desktop\server\game-server\node_modules\pomelo\node_modules\pomelo-rpc\lib\rpc-server\dispatcher.js:52:10)
    at Acceptor.cb (C:\Users\Administrator\Desktop\server\game-server\node_modules\pomelo\node_modules\pomelo-rpc\lib\rpc-server\gateway.js:22:16)
    at processMsg (C:\Users\Administrator\Desktop\server\game-server\node_modules\pomelo\node_modules\pomelo-rpc\lib\rpc-server\acceptors\mqtt-acceptor.js:138:12)
    at Connection.<anonymous> (C:\Users\Administrator\Desktop\server\game-server\node_modules\pomelo\node_modules\pomelo-rpc\lib\rpc-server\acceptors\mqtt-acceptor.js:62:11)
    at emitOne (events.js:116:13)
    at Connection.emit (events.js:211:7)
    at Connection.emitPacket (C:\Users\Administrator\Desktop\server\game-server\node_modules\pomelo\node_modules\pomelo-rpc\node_modules\mqtt-connection\connection.js:14:8)
    at emitOne (events.js:116:13)
    at Connection.emit (events.js:211:7)
